<?xml version="1.0" encoding="UTF-8"?>
<!-- Generated by org.testng.reporters.JUnitXMLReporter -->
<testsuite ignored="0" hostname="LAPTOP-REMP9JTB" failures="1" tests="3" name="Test" time="14.845" errors="0" timestamp="2023-08-02T22:33:28 ICT">
  <testcase classname="testcase.SignIn" name="LoginTest" time="2.381"/>
  <testcase classname="testcase.SignIn" name="LoginTest" time="2.297"/>
  <testcase classname="testcase.SignIn" name="LoginTest" time="0.022">
    <failure type="java.lang.IllegalArgumentException" message="Keys to send should be a not null CharSequence">
      <![CDATA[java.lang.IllegalArgumentException: Keys to send should be a not null CharSequence
at org.openqa.selenium.remote.RemoteWebElement.sendKeys(RemoteWebElement.java:97)
at testcase.SignIn.LoginTest(SignIn.java:14)
at java.base/java.util.ArrayList.forEach(ArrayList.java:1511)
... Removed 25 stack frames]]>
    </failure>
  </testcase> <!-- LoginTest -->
</testsuite> <!-- Test -->
