<?xml version="1.0" encoding="UTF-8"?>
<testng-results ignored="0" total="1" passed="1" failed="0" skipped="0">
  <reporter-output>
  </reporter-output>
  <suite started-at="2023-08-07T22:09:13 ICT" name="Default suite" finished-at="2023-08-07T22:09:28 ICT" duration-ms="14581">
    <groups>
    </groups>
    <test started-at="2023-08-07T22:09:13 ICT" name="Default test" finished-at="2023-08-07T22:09:28 ICT" duration-ms="14581">
      <class name="testcase.AddSingleProductToCart">
        <test-method is-config="true" signature="setUp()[pri:0, instance:testcase.AddSingleProductToCart@776aec5c]" started-at="2023-08-07T22:09:13 ICT" name="setUp" finished-at="2023-08-07T22:09:24 ICT" duration-ms="10229" status="PASS">
          <reporter-output>
          </reporter-output>
        </test-method> <!-- setUp -->
        <test-method signature="AddToCart()[pri:0, instance:testcase.AddSingleProductToCart@776aec5c]" started-at="2023-08-07T22:09:24 ICT" name="AddToCart" finished-at="2023-08-07T22:09:28 ICT" duration-ms="4224" status="PASS">
          <reporter-output>
          </reporter-output>
        </test-method> <!-- AddToCart -->
        <test-method is-config="true" signature="tearDown()[pri:0, instance:testcase.AddSingleProductToCart@776aec5c]" started-at="2023-08-07T22:09:28 ICT" name="tearDown" finished-at="2023-08-07T22:09:28 ICT" duration-ms="102" status="PASS">
          <reporter-output>
          </reporter-output>
        </test-method> <!-- tearDown -->
      </class> <!-- testcase.AddSingleProductToCart -->
    </test> <!-- Default test -->
  </suite> <!-- Default suite -->
</testng-results>
